<?xml version="1.0" encoding="UTF-8"?>
<testsuites tests="2" failures="1" disabled="0" errors="0" time="6.416" timestamp="2021-01-03T14:16:30" name="AllTests">
  <testsuite name="MasterTrainerTest" tests="2" failures="1" disabled="0" errors="0" time="6.407" timestamp="2021-01-03T14:16:30">
    <testcase name="Il1Test" status="run" result="completed" time="6.108" timestamp="2021-01-03T14:16:30" classname="MasterTrainerTest" />
    <testcase name="ErrorCounterTest" status="run" result="completed" time="0.296" timestamp="2021-01-03T14:16:36" classname="MasterTrainerTest">
      <failure message="D:\dev\tesseract\unittest\mastertrainer_test.cc:292&#x0A;Expected equality of these values:&#x0A;  kNumCorrect&#x0A;    Which is: 940&#x0A;  result_values[tesseract::CT_UNICHAR_TOP_OK]&#x0A;    Which is: 0" type=""><![CDATA[D:\dev\tesseract\unittest\mastertrainer_test.cc:292
Expected equality of these values:
  kNumCorrect
    Which is: 940
  result_values[tesseract::CT_UNICHAR_TOP_OK]
    Which is: 0]]></failure>
      <failure message="D:\dev\tesseract\unittest\mastertrainer_test.cc:293&#x0A;Expected equality of these values:&#x0A;  1&#x0A;  result_values[tesseract::CT_FONT_ATTR_ERR]&#x0A;    Which is: 0" type=""><![CDATA[D:\dev\tesseract\unittest\mastertrainer_test.cc:293
Expected equality of these values:
  1
  result_values[tesseract::CT_FONT_ATTR_ERR]
    Which is: 0]]></failure>
      <failure message="D:\dev\tesseract\unittest\mastertrainer_test.cc:294&#x0A;Expected equality of these values:&#x0A;  kNumTopTopErrs&#x0A;    Which is: 85&#x0A;  result_values[tesseract::CT_UNICHAR_TOPTOP_ERR]&#x0A;    Which is: 0" type=""><![CDATA[D:\dev\tesseract\unittest\mastertrainer_test.cc:294
Expected equality of these values:
  kNumTopTopErrs
    Which is: 85
  result_values[tesseract::CT_UNICHAR_TOPTOP_ERR]
    Which is: 0]]></failure>
      <failure message="D:\dev\tesseract\unittest\mastertrainer_test.cc:295&#x0A;Expected equality of these values:&#x0A;  kNumTop1Errs&#x0A;    Which is: 60&#x0A;  result_values[tesseract::CT_UNICHAR_TOP1_ERR]&#x0A;    Which is: 0" type=""><![CDATA[D:\dev\tesseract\unittest\mastertrainer_test.cc:295
Expected equality of these values:
  kNumTop1Errs
    Which is: 60
  result_values[tesseract::CT_UNICHAR_TOP1_ERR]
    Which is: 0]]></failure>
      <failure message="D:\dev\tesseract\unittest\mastertrainer_test.cc:296&#x0A;Expected equality of these values:&#x0A;  kNumTop2Errs&#x0A;    Which is: 30&#x0A;  result_values[tesseract::CT_UNICHAR_TOP2_ERR]&#x0A;    Which is: 0" type=""><![CDATA[D:\dev\tesseract\unittest\mastertrainer_test.cc:296
Expected equality of these values:
  kNumTop2Errs
    Which is: 30
  result_values[tesseract::CT_UNICHAR_TOP2_ERR]
    Which is: 0]]></failure>
      <failure message="D:\dev\tesseract\unittest\mastertrainer_test.cc:297&#x0A;Expected equality of these values:&#x0A;  kNumTopNErrs&#x0A;    Which is: 10&#x0A;  result_values[tesseract::CT_UNICHAR_TOPN_ERR]&#x0A;    Which is: 0" type=""><![CDATA[D:\dev\tesseract\unittest\mastertrainer_test.cc:297
Expected equality of these values:
  kNumTopNErrs
    Which is: 10
  result_values[tesseract::CT_UNICHAR_TOPN_ERR]
    Which is: 0]]></failure>
      <failure message="D:\dev\tesseract\unittest\mastertrainer_test.cc:300&#x0A;Expected equality of these values:&#x0A;  kNumTopTopErrs - kNumTop1Errs&#x0A;    Which is: 25&#x0A;  result_values[tesseract::CT_OK_MULTI_UNICHAR]&#x0A;    Which is: 0" type=""><![CDATA[D:\dev\tesseract\unittest\mastertrainer_test.cc:300
Expected equality of these values:
  kNumTopTopErrs - kNumTop1Errs
    Which is: 25
  result_values[tesseract::CT_OK_MULTI_UNICHAR]
    Which is: 0]]></failure>
      <failure message="D:\dev\tesseract\unittest\mastertrainer_test.cc:301&#x0A;Expected equality of these values:&#x0A;  num_samples - kNumNonReject&#x0A;    Which is: -1000&#x0A;  result_values[tesseract::CT_REJECT]&#x0A;    Which is: 0" type=""><![CDATA[D:\dev\tesseract\unittest\mastertrainer_test.cc:301
Expected equality of these values:
  num_samples - kNumNonReject
    Which is: -1000
  result_values[tesseract::CT_REJECT]
    Which is: 0]]></failure>
      <failure message="D:\dev\tesseract\unittest\mastertrainer_test.cc:302&#x0A;Expected equality of these values:&#x0A;  kNumAnswers&#x0A;    Which is: 1095&#x0A;  result_values[tesseract::CT_NUM_RESULTS]&#x0A;    Which is: 0" type=""><![CDATA[D:\dev\tesseract\unittest\mastertrainer_test.cc:302
Expected equality of these values:
  kNumAnswers
    Which is: 1095
  result_values[tesseract::CT_NUM_RESULTS]
    Which is: 0]]></failure>
    </testcase>
  </testsuite>
</testsuites>
